<?xml version="1.0" encoding="UTF-8"?>
<testng-results ignored="0" total="1" passed="1" failed="0" skipped="0">
  <reporter-output>
  </reporter-output>
  <suite started-at="2023-09-18T07:28:17 IST" name="Default suite" finished-at="2023-09-18T07:28:22 IST" duration-ms="5834">
    <groups>
    </groups>
    <test started-at="2023-09-18T07:28:17 IST" name="Default test" finished-at="2023-09-18T07:28:22 IST" duration-ms="5834">
      <class name="com.selenium.test.TC001_Login">
        <test-method is-config="true" signature="beforeMethod()[pri:0, instance:com.selenium.test.TC001_Login@4d5650ae]" started-at="2023-09-18T07:28:17 IST" name="beforeMethod" finished-at="2023-09-18T07:28:21 IST" duration-ms="4573" status="PASS">
          <reporter-output>
          </reporter-output>
        </test-method> <!-- beforeMethod -->
        <test-method signature="createLeaf()[pri:0, instance:com.selenium.test.TC001_Login@4d5650ae]" started-at="2023-09-18T07:28:21 IST" name="createLeaf" finished-at="2023-09-18T07:28:22 IST" duration-ms="941" status="PASS">
          <reporter-output>
          </reporter-output>
        </test-method> <!-- createLeaf -->
        <test-method is-config="true" signature="afterMethod()[pri:0, instance:com.selenium.test.TC001_Login@4d5650ae]" started-at="2023-09-18T07:28:22 IST" name="afterMethod" finished-at="2023-09-18T07:28:22 IST" duration-ms="221" status="PASS">
          <reporter-output>
          </reporter-output>
        </test-method> <!-- afterMethod -->
      </class> <!-- com.selenium.test.TC001_Login -->
    </test> <!-- Default test -->
  </suite> <!-- Default suite -->
</testng-results>
